[debug] > Exec(early(addDefaultCommands), None, None)
[debug] > Exec(addDefaultCommands, None, None)
[debug] > Exec(early(initialize), None, None)
[debug] > Exec(initialize, None, None)
[debug] > Exec(early(addPluginSbtFile="""/tmp/idea.sbt"""), None, None)
[debug] > Exec(addPluginSbtFile="""/tmp/idea.sbt""", None, None)
[debug] > Exec(boot, None, None)
[debug] > Exec(writeSbtVersion, None, None)
[debug] > Exec(reload, None, None)
[debug] > Exec(sbtStashOnFailure, None, None)
[debug] > Exec(onFailure loadFailed, None, None)
[debug] > Exec(loadp, None, None)
[info] welcome to sbt 1.4.2 (Ubuntu Java 11.0.9.1)
[debug]       Load.loadUnit: plugins took 68.969025ms
[debug]       Load.loadUnit: defsScala took 0.226453ms
[debug] [Loading] Scanning directory /home/iavode/.sbt/1.0/plugins
[debug] [Loading] Found non-root projects 
[debug] [Loading] Done in /home/iavode/.sbt/1.0/plugins, returning: ()
[debug] deducing auto plugins based on known facts Set(Atom(sbt.plugins.CorePlugin)) and clauses Clauses(List(Clause(Atom(sbt.plugins.JvmPlugin),Set(Atom(sbt.plugins.IvyPlugin))), Clause(Atom(sbt.ScriptedPlugin),Set(Atom(sbt.plugins.JvmPlugin))), Clause(Atom(sbt.plugins.SbtPlugin),Set(Atom(sbt.ScriptedPlugin))), Clause(Atom(sbt.plugins.SemanticdbPlugin),Set(Atom(sbt.plugins.JvmPlugin))), Clause(Atom(sbt.plugins.JUnitXmlReportPlugin),Set(Atom(sbt.plugins.JvmPlugin))), Clause(Atom(sbt.plugins.MiniDependencyTreePlugin),Set(Atom(sbt.plugins.JvmPlugin))), Clause(Atom(sbt.plugins.CorePlugin),Set(Atom(sbt.plugins.IvyPlugin))), Clause(Atom(sbt.plugins.IvyPlugin),Set(Atom(sbt.plugins.JvmPlugin))), Clause(Atom(sbt.plugins.JvmPlugin),Set(Atom(sbt.plugins.SemanticdbPlugin))), Clause(Atom(sbt.plugins.JvmPlugin),Set(Atom(sbt.plugins.JUnitXmlReportPlugin))), Clause(Atom(sbt.plugins.CorePlugin),Set(Atom(sbt.plugins.Giter8TemplatePlugin))), Clause(Atom(sbt.plugins.JvmPlugin),Set(Atom(sbt.plugins.MiniDependencyTreePlugin)))))
[debug]   :: deduced result: Matched(sbt.plugins.CorePlugin,sbt.plugins.Giter8TemplatePlugin,sbt.plugins.IvyPlugin,sbt.plugins.JvmPlugin,sbt.plugins.MiniDependencyTreePlugin,sbt.plugins.JUnitXmlReportPlugin,sbt.plugins.SemanticdbPlugin)
[debug] Plugins.deducer#function took 15.372908 ms
[debug]           Load.resolveProject(global-plugins) took 32.963863ms
[debug]         Load.loadTransitive: finalizeProject(Project(id global-plugins, base: /home/iavode/.sbt/1.0/plugins, plugins: List(<none>))) took 66.64245ms
[debug] [Loading] Done in /home/iavode/.sbt/1.0/plugins, returning: (global-plugins)
[debug]       Load.loadUnit: loadedProjectsRaw took 81.365758ms
[debug]       Load.loadUnit: cleanEvalClasses took 0.180279ms
[debug]     Load.loadUnit(file:/home/iavode/.sbt/1.0/plugins/, ...) took 156.860601ms
[debug]   Load.apply: load took 296.031198ms
[debug]   Load.apply: resolveProjects took 4.272288ms
[debug]   Load.apply: finalTransforms took 41.306731ms
[debug]   Load.apply: config.delegates took 4.60535ms
[debug]   Load.apply: Def.make(settings)... took 292.532817ms
[debug]   Load.apply: structureIndex took 59.412771ms
[debug]   Load.apply: mkStreams took 1.02374ms
[info] loading global plugins from /home/iavode/.sbt/1.0/plugins
[debug] Running task... Cancel: Signal, check cycles: false, forcegc: true
[debug] Load.defaultLoad until apply took 2760.359386ms
[debug]           Load.loadUnit: plugins took 10.260145ms
[debug]           Load.loadUnit: defsScala took 0.002211ms
[debug] [Loading] Scanning directory /home/iavode/Desktop/MADE/3_semestr/made2020_lsml/hw_7/project
[debug]             Load.loadUnit: mkEval took 4.314189ms
[debug] [Loading] Found non-root projects 
[debug] [Loading] Done in /home/iavode/Desktop/MADE/3_semestr/made2020_lsml/hw_7/project, returning: ()
[debug] deducing auto plugins based on known facts Set(Atom(sbt.plugins.CorePlugin)) and clauses Clauses(List(Clause(Atom(sbt.plugins.JvmPlugin),Set(Atom(sbt.plugins.IvyPlugin))), Clause(Atom(sbt.ScriptedPlugin),Set(Atom(sbt.plugins.JvmPlugin))), Clause(Atom(sbt.plugins.SbtPlugin),Set(Atom(sbt.ScriptedPlugin))), Clause(Atom(sbt.plugins.SemanticdbPlugin),Set(Atom(sbt.plugins.JvmPlugin))), Clause(Atom(sbt.plugins.JUnitXmlReportPlugin),Set(Atom(sbt.plugins.JvmPlugin))), Clause(Atom(sbt.plugins.MiniDependencyTreePlugin),Set(Atom(sbt.plugins.JvmPlugin))), Clause(Atom(sbt.plugins.CorePlugin),Set(Atom(sbt.plugins.IvyPlugin))), Clause(Atom(sbt.plugins.IvyPlugin),Set(Atom(sbt.plugins.JvmPlugin))), Clause(Atom(sbt.plugins.JvmPlugin),Set(Atom(sbt.plugins.SemanticdbPlugin))), Clause(Atom(sbt.plugins.JvmPlugin),Set(Atom(sbt.plugins.JUnitXmlReportPlugin))), Clause(Atom(sbt.plugins.CorePlugin),Set(Atom(sbt.plugins.Giter8TemplatePlugin))), Clause(Atom(sbt.plugins.JvmPlugin),Set(Atom(sbt.plugins.MiniDependencyTreePlugin)))))
[debug]   :: deduced result: Matched(sbt.plugins.CorePlugin,sbt.plugins.Giter8TemplatePlugin,sbt.plugins.IvyPlugin,sbt.plugins.JvmPlugin,sbt.plugins.MiniDependencyTreePlugin,sbt.plugins.JUnitXmlReportPlugin,sbt.plugins.SemanticdbPlugin)
[debug] Plugins.deducer#function took 1.014871 ms
[info] loading settings for project hw_7-build from idea.sbt ...
[debug]               Load.resolveProject(hw_7-build) took 2.083134ms
[debug]             Load.loadTransitive: finalizeProject(Project(id hw_7-build, base: /home/iavode/Desktop/MADE/3_semestr/made2020_lsml/hw_7/project, plugins: List(<none>))) took 3.466114ms
[debug] [Loading] Done in /home/iavode/Desktop/MADE/3_semestr/made2020_lsml/hw_7/project, returning: (hw_7-build)
[debug]           Load.loadUnit: loadedProjectsRaw took 1405.390884ms
[debug]           Load.loadUnit: cleanEvalClasses took 2.758716ms
[debug]         Load.loadUnit(file:/home/iavode/Desktop/MADE/3_semestr/made2020_lsml/hw_7/project/, ...) took 1418.92667ms
[debug]       Load.apply: load took 1419.859804ms
[debug]       Load.apply: resolveProjects took 0.066119ms
[debug]       Load.apply: finalTransforms took 7.63298ms
[debug]       Load.apply: config.delegates took 0.253986ms
[debug]       Load.apply: Def.make(settings)... took 53.696742ms
[debug]       Load.apply: structureIndex took 17.76441ms
[debug]       Load.apply: mkStreams took 0.002311ms
[info] loading project definition from /home/iavode/Desktop/MADE/3_semestr/made2020_lsml/hw_7/project
[debug] Running task... Cancel: Signal, check cycles: false, forcegc: true
[debug]     Load.loadUnit: plugins took 2204.943846ms
[debug]     Load.loadUnit: defsScala took 0.016955ms
[debug] [Loading] Scanning directory /home/iavode/Desktop/MADE/3_semestr/made2020_lsml/hw_7
[debug]       Load.loadUnit: mkEval took 0.158156ms
[debug] [Loading] Found non-root projects 
[debug] [Loading] Done in /home/iavode/Desktop/MADE/3_semestr/made2020_lsml/hw_7, returning: ()
[debug] deducing auto plugins based on known facts Set(Atom(sbt.plugins.CorePlugin)) and clauses Clauses(List(Clause(Atom(sbt.plugins.JvmPlugin),Set(Atom(sbt.plugins.IvyPlugin))), Clause(Atom(sbt.ScriptedPlugin),Set(Atom(sbt.plugins.JvmPlugin))), Clause(Atom(sbt.plugins.SbtPlugin),Set(Atom(sbt.ScriptedPlugin))), Clause(Atom(sbt.plugins.SemanticdbPlugin),Set(Atom(sbt.plugins.JvmPlugin))), Clause(Atom(sbt.plugins.JUnitXmlReportPlugin),Set(Atom(sbt.plugins.JvmPlugin))), Clause(Atom(sbt.plugins.MiniDependencyTreePlugin),Set(Atom(sbt.plugins.JvmPlugin))), Clause(Atom(org.jetbrains.sbt.StructurePlugin),Set(Atom(sbt.plugins.JvmPlugin))), Clause(Atom(org.jetbrains.sbt.IdeaShellPlugin),Set(Atom(sbt.plugins.JvmPlugin))), Clause(Atom(org.jetbrains.sbt.indices.SbtIntellijIndicesPlugin),Set(Atom(sbt.plugins.JvmPlugin))), Clause(Atom(sbt.plugins.CorePlugin),Set(Atom(sbt.plugins.IvyPlugin))), Clause(Atom(sbt.plugins.IvyPlugin),Set(Atom(sbt.plugins.JvmPlugin))), Clause(Atom(sbt.plugins.JvmPlugin),Set(Atom(sbt.plugins.SemanticdbPlugin))), Clause(Atom(sbt.plugins.JvmPlugin),Set(Atom(sbt.plugins.JUnitXmlReportPlugin))), Clause(Atom(sbt.plugins.CorePlugin),Set(Atom(sbt.plugins.Giter8TemplatePlugin))), Clause(Atom(sbt.plugins.JvmPlugin),Set(Atom(sbt.plugins.MiniDependencyTreePlugin))), Clause(Atom(sbt.plugins.JvmPlugin),Set(Atom(org.jetbrains.sbt.StructurePlugin))), Clause(Atom(sbt.plugins.JvmPlugin),Set(Atom(org.jetbrains.sbt.IdeaShellPlugin))), Clause(And(Set(Atom(sbt.plugins.CorePlugin), Atom(sbt.plugins.JvmPlugin))),Set(Atom(org.jetbrains.sbt.indices.SbtIntellijIndicesPlugin)))))
[debug]   :: deduced result: Matched(sbt.plugins.CorePlugin,sbt.plugins.Giter8TemplatePlugin,sbt.plugins.IvyPlugin,sbt.plugins.JvmPlugin,sbt.plugins.SemanticdbPlugin,org.jetbrains.sbt.indices.SbtIntellijIndicesPlugin,sbt.plugins.JUnitXmlReportPlugin,org.jetbrains.sbt.IdeaShellPlugin,org.jetbrains.sbt.StructurePlugin,sbt.plugins.MiniDependencyTreePlugin)
[debug] Plugins.deducer#function took 1.200536 ms
[info] loading settings for project hw_7 from build.sbt ...
[debug]         Load.resolveProject(hw_7) took 17.494794ms
[debug]       Load.loadTransitive: finalizeProject(Project(id hw_7, base: /home/iavode/Desktop/MADE/3_semestr/made2020_lsml/hw_7, plugins: List(<none>))) took 19.456857ms
[debug] [Loading] Done in /home/iavode/Desktop/MADE/3_semestr/made2020_lsml/hw_7, returning: (hw_7)
[debug]     Load.loadUnit: loadedProjectsRaw took 975.269011ms
[debug]     Load.loadUnit: cleanEvalClasses took 1.974533ms
[debug]   Load.loadUnit(file:/home/iavode/Desktop/MADE/3_semestr/made2020_lsml/hw_7/, ...) took 3182.871184ms
[debug] Load.apply: load took 3183.784913ms
[debug] Load.apply: resolveProjects took 0.06438ms
[debug] Load.apply: finalTransforms took 16.71549ms
[debug] Load.apply: config.delegates took 0.580054ms
[debug] Load.apply: Def.make(settings)... took 57.428079ms
[debug] Load.apply: structureIndex took 13.604289ms
[debug] Load.apply: mkStreams took 0.001799ms
[info] set current project to LogReg (in build file:/home/iavode/Desktop/MADE/3_semestr/made2020_lsml/hw_7/)
[debug] > Exec(sbtPopOnFailure, None, None)
[debug] > Exec(resumeFromFailure, None, None)
[debug] > Exec(notifyUsersAboutShell, None, None)
[debug] > Exec(iflast shell, None, None)
[debug] > Exec(; set ideaPort in Global := 35629 ; idea-shell, None, None)
[debug] > Exec(set ideaPort in Global := 35629, None, None)
[info] Defining Global / ideaPort
[info] The new value will be used by Compile / compile, Test / compile
[debug] Defining 
[debug] 	Global / ideaPort
[debug] 
[debug] The new value will be used by 
[debug] 	Compile / compile
[debug] 	Test / compile
[info] Reapplying settings...
[info] set current project to LogReg (in build file:/home/iavode/Desktop/MADE/3_semestr/made2020_lsml/hw_7/)
[debug] > Exec(idea-shell, None, None)
